<?xml version="1.0" encoding="UTF-8"?>
<testsuite name="com.demo.web.TestMainVerticle" tests="1" skipped="0" failures="0" errors="0" timestamp="2026-07-19T14:42:25.944Z" hostname="oanh-pham.local" time="0.157">
  <properties/>
  <testcase name="verticle_deployed(Vertx, VertxTestContext)" classname="com.demo.web.TestMainVerticle" time="0.157"/>
  <system-out><![CDATA[21:42:26.020 [Test worker] WARN io.netty.resolver.dns.DnsServerAddressStreamProviders -- Can not find io.netty.resolver.dns.macos.MacOSDnsServerAddressStreamProvider in the classpath, fallback to system defaults. This may result in incorrect DNS resolutions on MacOS. Check whether you have a dependency on 'io.netty:netty-resolver-dns-native-macos'
]]></system-out>
  <system-err><![CDATA[]]></system-err>
</testsuite>
